0 info it worked if it ends with ok
1 verbose cli [ '/usr/local/bin/node',
1 verbose cli   '/usr/local/bin/npm',
1 verbose cli   'run',
1 verbose cli   'build-dev' ]
2 info using npm@3.3.12
3 info using node@v5.4.1
4 verbose run-script [ 'prebuild-dev', 'build-dev', 'postbuild-dev' ]
5 info lifecycle fiora-frontend@0.0.0~prebuild-dev: fiora-frontend@0.0.0
6 silly lifecycle fiora-frontend@0.0.0~prebuild-dev: no script for prebuild-dev, continuing
7 info lifecycle fiora-frontend@0.0.0~build-dev: fiora-frontend@0.0.0
8 verbose lifecycle fiora-frontend@0.0.0~build-dev: unsafe-perm in lifecycle true
9 verbose lifecycle fiora-frontend@0.0.0~build-dev: PATH: /usr/local/lib/node_modules/npm/bin/node-gyp-bin:/Users/yinxin/Github/fiora-frontend/node_modules/.bin:/Users/yinxin/Applications/mongodb-osx-x86_64-3.2.0/bin:/Users/yinxin/Applications/ffmpeg:/Users/yinxin/Library/android-sdk-macosx//tools:/Users/yinxin/Library/android-sdk-macosx//platform-tools:/usr/local/share/python:/usr/local/bin:/usr/bin:/bin:/usr/sbin:/sbin
10 verbose lifecycle fiora-frontend@0.0.0~build-dev: CWD: /Users/yinxin/Github/fiora-frontend
11 silly lifecycle fiora-frontend@0.0.0~build-dev: Args: [ '-c',
11 silly lifecycle   'export NODE_ENV=development && ./node_module/.bin/webpack --devtool eval-source-map --progress --color' ]
12 info lifecycle fiora-frontend@0.0.0~build-dev: Failed to exec build-dev script
13 verbose stack Error: fiora-frontend@0.0.0 build-dev: `export NODE_ENV=development && ./node_module/.bin/webpack --devtool eval-source-map --progress --color`
13 verbose stack spawn ENOENT
13 verbose stack     at ChildProcess.<anonymous> (/usr/local/lib/node_modules/npm/lib/utils/spawn.js:17:16)
13 verbose stack     at emitTwo (events.js:87:13)
13 verbose stack     at ChildProcess.emit (events.js:172:7)
13 verbose stack     at maybeClose (internal/child_process.js:821:16)
13 verbose stack     at Process.ChildProcess._handle.onexit (internal/child_process.js:211:5)
14 verbose pkgid fiora-frontend@0.0.0
15 verbose cwd /Users/yinxin/Github/fiora-frontend
16 error Darwin 14.5.0
17 error argv "/usr/local/bin/node" "/usr/local/bin/npm" "run" "build-dev"
18 error node v5.4.1
19 error npm  v3.3.12
20 error file sh
21 error code ELIFECYCLE
22 error errno ENOENT
23 error syscall spawn
24 error fiora-frontend@0.0.0 build-dev: `export NODE_ENV=development && ./node_module/.bin/webpack --devtool eval-source-map --progress --color`
24 error spawn ENOENT
25 error Failed at the fiora-frontend@0.0.0 build-dev script 'export NODE_ENV=development && ./node_module/.bin/webpack --devtool eval-source-map --progress --color'.
25 error Make sure you have the latest version of node.js and npm installed.
25 error If you do, this is most likely a problem with the fiora-frontend package,
25 error not with npm itself.
25 error Tell the author that this fails on your system:
25 error     export NODE_ENV=development && ./node_module/.bin/webpack --devtool eval-source-map --progress --color
25 error You can get their info via:
25 error     npm owner ls fiora-frontend
25 error There is likely additional logging output above.
26 verbose exit [ 1, true ]
